<?xml version="1.0" encoding="UTF-8"?>
<!-- Generated by org.testng.reporters.JUnitXMLReporter -->
<testsuite ignored="0" hostname="WL361485" failures="0" tests="4" name="Login Test ch" time="30.031" errors="0" timestamp="2020-07-03T17:05:24 IST">
  <testcase classname="com.tieto.test.LoginTest" name="checkLinkCountTest" time="0.051"/>
  <testcase classname="com.tieto.test.LoginTest" name="invalidCredentialTest" time="1.986"/>
  <testcase classname="com.tieto.test.LoginTest" name="invalidCredentialTest" time="2.087"/>
  <testcase classname="com.tieto.test.LoginTest" name="validCredentialTest" time="0.0">
    <skipped/>
  </testcase> <!-- validCredentialTest -->
</testsuite> <!-- Login Test ch -->
