<?xml version="1.0" encoding="UTF-8"?>
<testsuite xmlns:xsi="http://www.w3.org/2001/XMLSchema-instance" xsi:noNamespaceSchemaLocation="https://maven.apache.org/surefire/maven-surefire-plugin/xsd/surefire-test-report-3.0.xsd" version="3.0" name="TestSuite" time="30.484" tests="4" errors="0" skipped="1" failures="0">
  <properties>
[...]
</properties>
  <testcase name="checkLinkCountTest" classname="com.tieto.test.LoginTest" time="0.002">
    <system-err><![CDATA[1593776095678	mozrunner::runner	INFO	Running command: "C:\\Program Files (x86)\\Mozilla Firefox\\firefox.exe" "-marionette" "-foreground" "-no-remote" "-profile" "C:\\Users\\rauttbhu\\AppData\\Local\\Temp\\rust_mozprofileKetNUP"
JavaScript error: resource://gre/modules/XULStore.jsm, line 66: Error: Can't find profile directory.
1593776097779	Marionette	INFO	Listening on port 54757
1593776097798	Marionette	WARN	TLS certificate errors will be ignored for this session
Jul 03, 2020 5:04:57 PM org.openqa.selenium.remote.ProtocolHandshake createSession
INFO: Detected dialect: W3C
JavaScript error: resource://gre/modules/URIFixup.jsm, line 281: NS_ERROR_FAILURE: Should pass a non-null uri
]]></system-err>
  </testcase>
  <testcase name="invalidCredentialTest[john, john123, French (Standard), Invalid username or password](1)" classname="com.tieto.test.LoginTest" time="1.906">
    <system-err><![CDATA[1593776103407	Marionette	INFO	Stopped listening on port 54757

###!!! [Child][MessageChannel::SendAndWait] Error: Channel error: cannot send/recv

1593776104855	mozrunner::runner	INFO	Running command: "C:\\Program Files (x86)\\Mozilla Firefox\\firefox.exe" "-marionette" "-foreground" "-no-remote" "-profile" "C:\\Users\\rauttbhu\\AppData\\Local\\Temp\\rust_mozprofilermTzqv"
JavaScript error: resource://gre/modules/XULStore.jsm, line 66: Error: Can't find profile directory.
1593776107182	Marionette	INFO	Listening on port 54801
1593776107569	Marionette	WARN	TLS certificate errors will be ignored for this session
Jul 03, 2020 5:05:07 PM org.openqa.selenium.remote.ProtocolHandshake createSession
INFO: Detected dialect: W3C
JavaScript error: resource://gre/modules/URIFixup.jsm, line 281: NS_ERROR_FAILURE: Should pass a non-null uri
]]></system-err>
  </testcase>
  <testcase name="invalidCredentialTest[peter, peter123, Armenian, Invalid username or password](2)" classname="com.tieto.test.LoginTest" time="1.942">
    <system-err><![CDATA[1593776113661	Marionette	INFO	Stopped listening on port 54801

###!!! [Child][RunMessage] Error: Channel closing: too late to send/recv, messages will be lost


###!!! [Child][MessageChannel::SendAndWait] Error: Channel error: cannot send/recv

1593776115086	mozrunner::runner	INFO	Running command: "C:\\Program Files (x86)\\Mozilla Firefox\\firefox.exe" "-marionette" "-foreground" "-no-remote" "-profile" "C:\\Users\\rauttbhu\\AppData\\Local\\Temp\\rust_mozprofilemrPbEs"
JavaScript error: resource://gre/modules/XULStore.jsm, line 66: Error: Can't find profile directory.
1593776117428	Marionette	INFO	Listening on port 54844
1593776117803	Marionette	WARN	TLS certificate errors will be ignored for this session
Jul 03, 2020 5:05:17 PM org.openqa.selenium.remote.ProtocolHandshake createSession
INFO: Detected dialect: W3C
JavaScript error: resource://gre/modules/URIFixup.jsm, line 281: NS_ERROR_FAILURE: Should pass a non-null uri
]]></system-err>
  </testcase>
  <testcase name="validCredentialTest" classname="com.tieto.test.LoginTest" time="0">
    <skipped message="java.io.FileNotFoundException: fileDetails (The system cannot find the file specified)"/>
    <system-err><![CDATA[1593776123894	Marionette	INFO	Stopped listening on port 54844

###!!! [Child][RunMessage] Error: Channel closing: too late to send/recv, messages will be lost


###!!! [Child][MessageChannel::SendAndWait] Error: Channel error: cannot send/recv

[Utils] [ERROR] [Error] java.io.FileNotFoundException: fileDetails (The system cannot find the file specified)
	at java.base/java.io.FileInputStream.open0(Native Method)
	at java.base/java.io.FileInputStream.open(FileInputStream.java:212)
	at java.base/java.io.FileInputStream.&lt;init&gt;(FileInputStream.java:154)
	at java.base/java.io.FileInputStream.&lt;init&gt;(FileInputStream.java:109)
	at com.tieto.utilities.ExcelUtils.getSheetIntoObject(ExcelUtils.java:15)
	at com.tieto.test.LoginTest.validCredentialData(LoginTest.java:72)
	at java.base/jdk.internal.reflect.NativeMethodAccessorImpl.invoke0(Native Method)
	at java.base/jdk.internal.reflect.NativeMethodAccessorImpl.invoke(NativeMethodAccessorImpl.java:62)
	at java.base/jdk.internal.reflect.DelegatingMethodAccessorImpl.invoke(DelegatingMethodAccessorImpl.java:43)
	at java.base/java.lang.reflect.Method.invoke(Method.java:564)
	at org.testng.internal.MethodInvocationHelper.invokeMethod(MethodInvocationHelper.java:134)
	at org.testng.internal.MethodInvocationHelper.invokeMethod(MethodInvocationHelper.java:78)
	at org.testng.internal.MethodInvocationHelper.invokeMethodNoCheckedException(MethodInvocationHelper.java:47)
	at org.testng.internal.MethodInvocationHelper.invokeDataProvider(MethodInvocationHelper.java:147)
	at org.testng.internal.Parameters.handleParameters(Parameters.java:801)
	at org.testng.internal.Parameters.handleParameters(Parameters.java:744)
	at org.testng.internal.ParameterHandler.handleParameters(ParameterHandler.java:59)
	at org.testng.internal.ParameterHandler.createParameters(ParameterHandler.java:38)
	at org.testng.internal.TestInvoker$MethodInvocationAgent.invoke(TestInvoker.java:783)
	at org.testng.internal.TestInvoker.invokeTestMethods(TestInvoker.java:146)
	at org.testng.internal.TestMethodWorker.invokeTestMethods(TestMethodWorker.java:146)
	at org.testng.internal.TestMethodWorker.run(TestMethodWorker.java:128)
	at java.base/java.util.ArrayList.forEach(ArrayList.java:1510)
	at org.testng.TestRunner.privateRun(TestRunner.java:766)
	at org.testng.TestRunner.run(TestRunner.java:587)
	at org.testng.SuiteRunner.runTest(SuiteRunner.java:384)
	at org.testng.SuiteRunner.runSequentially(SuiteRunner.java:378)
	at org.testng.SuiteRunner.privateRun(SuiteRunner.java:337)
	at org.testng.SuiteRunner.run(SuiteRunner.java:286)
	at org.testng.SuiteRunnerWorker.runSuite(SuiteRunnerWorker.java:53)
	at org.testng.SuiteRunnerWorker.run(SuiteRunnerWorker.java:96)
	at org.testng.TestNG.runSuitesSequentially(TestNG.java:1187)
	at org.testng.TestNG.runSuitesLocally(TestNG.java:1109)
	at org.testng.TestNG.runSuites(TestNG.java:1039)
	at org.testng.TestNG.run(TestNG.java:1007)
	at org.apache.maven.surefire.testng.TestNGExecutor.run(TestNGExecutor.java:284)
	at org.apache.maven.surefire.testng.TestNGXmlTestSuite.execute(TestNGXmlTestSuite.java:75)
	at org.apache.maven.surefire.testng.TestNGProvider.invoke(TestNGProvider.java:119)
	at org.apache.maven.surefire.booter.ForkedBooter.runSuitesInProcess(ForkedBooter.java:428)
	at org.apache.maven.surefire.booter.ForkedBooter.execute(ForkedBooter.java:162)
	at org.apache.maven.surefire.booter.ForkedBooter.run(ForkedBooter.java:562)
	at org.apache.maven.surefire.booter.ForkedBooter.main(ForkedBooter.java:548)

]]></system-err>
  </testcase>
</testsuite>