<?xml version="1.0" encoding="UTF-8"?>
<!-- Generated by org.testng.reporters.JUnitXMLReporter -->
<testsuite ignored="0" hostname="WL361485" failures="0" tests="4" name="Login Test ch" time="41.71" errors="0" timestamp="2020-07-03T11:42:48 IST">
  <testcase classname="com.tieto.test.LoginTest" name="checkLinkCountTest" time="0.023"/>
  <testcase classname="com.tieto.test.LoginTest" name="validCredentialTest" time="4.553"/>
  <testcase classname="com.tieto.test.LoginTest" name="invalidCredentialTest" time="2.059"/>
  <testcase classname="com.tieto.test.LoginTest" name="invalidCredentialTest" time="2.067"/>
</testsuite> <!-- Login Test ch -->
