<?xml version="1.0" encoding="UTF-8"?>
<!-- Generated by org.testng.reporters.JUnitXMLReporter -->
<testsuite hostname="Balaji" ignored="0" name="Login Test ff" tests="3" failures="1" timestamp="2020-07-02T16:49:33 IST" time="12.462" errors="0">
  <testcase name="@AfterMethod end" time="3.635" classname="com.tieto.base.WebDriverWrapper">
    <failure type="org.openqa.selenium.WebDriverException" message="Failed to decode response from marionette
Build info: version: &amp;apos;3.141.59&amp;apos;, revision: &amp;apos;e82be7d358&amp;apos;, time: &amp;apos;2018-11-14T08:17:03&amp;apos;
System info: host: &amp;apos;BALAJI&amp;apos;, ip: &amp;apos;192.168.126.1&amp;apos;, os.name: &amp;apos;Windows 10&amp;apos;, os.arch: &amp;apos;amd64&amp;apos;, os.version: &amp;apos;10.0&amp;apos;, java.version: &amp;apos;1.8.0_221&amp;apos;
Driver info: org.openqa.selenium.firefox.FirefoxDriver
Capabilities {acceptInsecureCerts: true, browserName: firefox, browserVersion: 76.0, javascriptEnabled: true, moz:accessibilityChecks: false, moz:buildID: 20200429185419, moz:geckodriverVersion: 0.26.0, moz:headless: false, moz:processID: 16520, moz:profile: C:\Users\Balaji\AppData\Loc..., moz:shutdownTimeout: 60000, moz:useNonSpecCompliantPointerOrigin: false, moz:webdriverClick: true, pageLoadStrategy: normal, platform: WINDOWS, platformName: WINDOWS, platformVersion: 10.0, rotatable: false, setWindowRect: true, strictFileInteractability: false, timeouts: {implicit: 0, pageLoad: 300000, script: 30000}, unhandledPromptBehavior: dismiss and notify}
Session ID: 13ebad30-bce3-4d95-914a-90f9c16c1e85">
      <![CDATA[org.openqa.selenium.WebDriverException: Failed to decode response from marionette
Build info: version: '3.141.59', revision: 'e82be7d358', time: '2018-11-14T08:17:03'
System info: host: 'BALAJI', ip: '192.168.126.1', os.name: 'Windows 10', os.arch: 'amd64', os.version: '10.0', java.version: '1.8.0_221'
Driver info: org.openqa.selenium.firefox.FirefoxDriver
Capabilities {acceptInsecureCerts: true, browserName: firefox, browserVersion: 76.0, javascriptEnabled: true, moz:accessibilityChecks: false, moz:buildID: 20200429185419, moz:geckodriverVersion: 0.26.0, moz:headless: false, moz:processID: 16520, moz:profile: C:\Users\Balaji\AppData\Loc..., moz:shutdownTimeout: 60000, moz:useNonSpecCompliantPointerOrigin: false, moz:webdriverClick: true, pageLoadStrategy: normal, platform: WINDOWS, platformName: WINDOWS, platformVersion: 10.0, rotatable: false, setWindowRect: true, strictFileInteractability: false, timeouts: {implicit: 0, pageLoad: 300000, script: 30000}, unhandledPromptBehavior: dismiss and notify}
Session ID: 13ebad30-bce3-4d95-914a-90f9c16c1e85
at org.openqa.selenium.remote.http.W3CHttpResponseCodec.createException(W3CHttpResponseCodec.java:187)
at org.openqa.selenium.remote.http.W3CHttpResponseCodec.decode(W3CHttpResponseCodec.java:122)
at org.openqa.selenium.remote.http.W3CHttpResponseCodec.decode(W3CHttpResponseCodec.java:49)
at org.openqa.selenium.remote.HttpCommandExecutor.execute(HttpCommandExecutor.java:158)
at org.openqa.selenium.remote.service.DriverCommandExecutor.execute(DriverCommandExecutor.java:83)
at org.openqa.selenium.remote.RemoteWebDriver.execute(RemoteWebDriver.java:552)
at org.openqa.selenium.remote.RemoteWebDriver.execute(RemoteWebDriver.java:609)
at org.openqa.selenium.remote.RemoteWebDriver.quit(RemoteWebDriver.java:452)
at com.tieto.base.WebDriverWrapper.end(WebDriverWrapper.java:47)
at java.util.ArrayList.forEach(ArrayList.java:1257)
... Removed 36 stack frames]]>
    </failure>
  </testcase> <!-- @AfterMethod end -->
  <testcase name="@BeforeMethod init" time="-1.593688773045E9" classname="com.tieto.base.WebDriverWrapper">
    <skipped/>
  </testcase> <!-- @BeforeMethod init -->
  <testcase name="@AfterMethod end" time="-1.593688773058E9" classname="com.tieto.base.WebDriverWrapper">
    <skipped/>
  </testcase> <!-- @AfterMethod end -->
  <testcase name="@BeforeMethod init" time="-1.593688773061E9" classname="com.tieto.base.WebDriverWrapper">
    <skipped/>
  </testcase> <!-- @BeforeMethod init -->
  <testcase name="@AfterMethod end" time="-1.593688773069E9" classname="com.tieto.base.WebDriverWrapper">
    <skipped/>
  </testcase> <!-- @AfterMethod end -->
  <testcase name="checkLinkCount" time="0.132" classname="com.tieto.test.LoginTest">
    <failure type="org.openqa.selenium.NoSuchWindowException" message="Browsing context has been discarded
Build info: version: &amp;apos;3.141.59&amp;apos;, revision: &amp;apos;e82be7d358&amp;apos;, time: &amp;apos;2018-11-14T08:17:03&amp;apos;
System info: host: &amp;apos;BALAJI&amp;apos;, ip: &amp;apos;192.168.126.1&amp;apos;, os.name: &amp;apos;Windows 10&amp;apos;, os.arch: &amp;apos;amd64&amp;apos;, os.version: &amp;apos;10.0&amp;apos;, java.version: &amp;apos;1.8.0_221&amp;apos;
Driver info: org.openqa.selenium.firefox.FirefoxDriver
Capabilities {acceptInsecureCerts: true, browserName: firefox, browserVersion: 76.0, javascriptEnabled: true, moz:accessibilityChecks: false, moz:buildID: 20200429185419, moz:geckodriverVersion: 0.26.0, moz:headless: false, moz:processID: 16520, moz:profile: C:\Users\Balaji\AppData\Loc..., moz:shutdownTimeout: 60000, moz:useNonSpecCompliantPointerOrigin: false, moz:webdriverClick: true, pageLoadStrategy: normal, platform: WINDOWS, platformName: WINDOWS, platformVersion: 10.0, rotatable: false, setWindowRect: true, strictFileInteractability: false, timeouts: {implicit: 0, pageLoad: 300000, script: 30000}, unhandledPromptBehavior: dismiss and notify}
Session ID: 13ebad30-bce3-4d95-914a-90f9c16c1e85
*** Element info: {Using=tag name, value=a}">
      <![CDATA[org.openqa.selenium.NoSuchWindowException: Browsing context has been discarded
Build info: version: '3.141.59', revision: 'e82be7d358', time: '2018-11-14T08:17:03'
System info: host: 'BALAJI', ip: '192.168.126.1', os.name: 'Windows 10', os.arch: 'amd64', os.version: '10.0', java.version: '1.8.0_221'
Driver info: org.openqa.selenium.firefox.FirefoxDriver
Capabilities {acceptInsecureCerts: true, browserName: firefox, browserVersion: 76.0, javascriptEnabled: true, moz:accessibilityChecks: false, moz:buildID: 20200429185419, moz:geckodriverVersion: 0.26.0, moz:headless: false, moz:processID: 16520, moz:profile: C:\Users\Balaji\AppData\Loc..., moz:shutdownTimeout: 60000, moz:useNonSpecCompliantPointerOrigin: false, moz:webdriverClick: true, pageLoadStrategy: normal, platform: WINDOWS, platformName: WINDOWS, platformVersion: 10.0, rotatable: false, setWindowRect: true, strictFileInteractability: false, timeouts: {implicit: 0, pageLoad: 300000, script: 30000}, unhandledPromptBehavior: dismiss and notify}
Session ID: 13ebad30-bce3-4d95-914a-90f9c16c1e85
*** Element info: {Using=tag name, value=a}
at org.openqa.selenium.remote.http.W3CHttpResponseCodec.createException(W3CHttpResponseCodec.java:187)
at org.openqa.selenium.remote.http.W3CHttpResponseCodec.decode(W3CHttpResponseCodec.java:122)
at org.openqa.selenium.remote.http.W3CHttpResponseCodec.decode(W3CHttpResponseCodec.java:49)
at org.openqa.selenium.remote.HttpCommandExecutor.execute(HttpCommandExecutor.java:158)
at org.openqa.selenium.remote.service.DriverCommandExecutor.execute(DriverCommandExecutor.java:83)
at org.openqa.selenium.remote.RemoteWebDriver.execute(RemoteWebDriver.java:552)
at org.openqa.selenium.remote.RemoteWebDriver.findElements(RemoteWebDriver.java:353)
at org.openqa.selenium.remote.RemoteWebDriver.findElementsByTagName(RemoteWebDriver.java:400)
at org.openqa.selenium.By$ByTagName.findElements(By.java:312)
at org.openqa.selenium.remote.RemoteWebDriver.findElements(RemoteWebDriver.java:311)
at com.tieto.test.LoginTest.checkLinkCount(LoginTest.java:17)
at java.util.ArrayList.forEach(ArrayList.java:1257)
... Removed 31 stack frames]]>
    </failure>
  </testcase> <!-- checkLinkCount -->
  <testcase name="validCredentialTest" time="0.0" classname="com.tieto.test.LoginTest">
    <skipped/>
  </testcase> <!-- validCredentialTest -->
  <testcase name="invalidCredentialTest" time="0.0" classname="com.tieto.test.LoginTest">
    <skipped/>
  </testcase> <!-- invalidCredentialTest -->
</testsuite> <!-- Login Test ff -->
