<?xml version="1.0" encoding="UTF-8"?>
<!-- Generated by org.testng.reporters.JUnitXMLReporter -->
<testsuite hostname="Balaji" ignored="0" name="Login Test" tests="3" failures="0" timestamp="2020-07-02T16:47:57 IST" time="41.249" errors="0">
  <testcase name="checkLinkCount" time="0.052" classname="com.tieto.test.LoginTest"/>
  <testcase name="validCredentialTest" time="5.014" classname="com.tieto.test.LoginTest"/>
  <testcase name="invalidCredentialTest" time="2.32" classname="com.tieto.test.LoginTest"/>
</testsuite> <!-- Login Test -->
